<?xml version="1.0" encoding="UTF-8"?>
<testsuite xmlns:xsi="http://www.w3.org/2001/XMLSchema-instance" xsi:noNamespaceSchemaLocation="https://maven.apache.org/surefire/maven-surefire-plugin/xsd/surefire-test-report.xsd" name="co.com.sofka.app.cuenta.CuentaTest" time="0.108" tests="5" errors="0" skipped="0" failures="3">
  <properties>
[...]
</properties>
  <testcase name="ingresarDinero" classname="co.com.sofka.app.cuenta.CuentaTest" time="0.01"/>
  <testcase name="variosCasosDeIngresoDinero{Double, Double}[1]" classname="co.com.sofka.app.cuenta.CuentaTest" time="0.04">
    <failure message="1.0 + 0.0 debe ser igual  1.0 ==&gt; expected: &lt;1.0&gt; but was: &lt;0.0&gt;" type="org.opentest4j.AssertionFailedError"><![CDATA[org.opentest4j.AssertionFailedError: 1.0 + 0.0 debe ser igual  1.0 ==> expected: <1.0> but was: <0.0>
	at co.com.sofka.app.cuenta.CuentaTest.variosCasosDeIngresoDinero(CuentaTest.java:47)
]]></failure>
  </testcase>
  <testcase name="variosCasosDeIngresoDinero{Double, Double}[2]" classname="co.com.sofka.app.cuenta.CuentaTest" time="0"/>
  <testcase name="variosCasosDeIngresoDinero{Double, Double}[3]" classname="co.com.sofka.app.cuenta.CuentaTest" time="0.002">
    <failure message="1.0 + 49.0 debe ser igual  1.0 ==&gt; expected: &lt;1.0&gt; but was: &lt;49.0&gt;" type="org.opentest4j.AssertionFailedError"><![CDATA[org.opentest4j.AssertionFailedError: 1.0 + 49.0 debe ser igual  1.0 ==> expected: <1.0> but was: <49.0>
	at co.com.sofka.app.cuenta.CuentaTest.variosCasosDeIngresoDinero(CuentaTest.java:47)
]]></failure>
  </testcase>
  <testcase name="variosCasosDeIngresoDinero{Double, Double}[4]" classname="co.com.sofka.app.cuenta.CuentaTest" time="0.001">
    <failure message="-1.0 + 40.0 debe ser igual  -1.0 ==&gt; expected: &lt;-1.0&gt; but was: &lt;89.0&gt;" type="org.opentest4j.AssertionFailedError"><![CDATA[org.opentest4j.AssertionFailedError: -1.0 + 40.0 debe ser igual  -1.0 ==> expected: <-1.0> but was: <89.0>
	at co.com.sofka.app.cuenta.CuentaTest.variosCasosDeIngresoDinero(CuentaTest.java:47)
]]></failure>
  </testcase>
</testsuite>